{"C:\\downloadsnew\\QAdemo\\Backend\\Models\\Adder.js": {"path":"C:\\downloadsnew\\QAdemo\\Backend\\Models\\Adder.js","statementMap":{"0":{"start":{"line":1,"column":18},"end":{"line":1,"column":37}},"1":{"start":{"line":3,"column":19},"end":{"line":31,"column":24}},"2":{"start":{"line":33,"column":0},"end":{"line":33,"column":63}}},"fnMap":{},"branchMap":{},"s":{"0":1,"1":1,"2":1},"f":{},"b":{},"_coverageSchema":"1a1c01bbd47fc00a2c39e90264f33305004495a9","hash":"e65fb5cee5eafa6aecb68cc7592d38f297675e47"}
,"C:\\downloadsnew\\QAdemo\\Backend\\Models\\User.js": {"path":"C:\\downloadsnew\\QAdemo\\Backend\\Models\\User.js","statementMap":{"0":{"start":{"line":1,"column":17},"end":{"line":1,"column":36}},"1":{"start":{"line":3,"column":19},"end":{"line":17,"column":2}},"2":{"start":{"line":19,"column":0},"end":{"line":19,"column":69}}},"fnMap":{},"branchMap":{},"s":{"0":2,"1":2,"2":2},"f":{},"b":{},"_coverageSchema":"1a1c01bbd47fc00a2c39e90264f33305004495a9","hash":"8068272d2a46adf6618ac196257200f017848a4c"}
}
